\BOOKMARK [0][-]{chapter.1}{\376\377\0001\000\040\000I\000n\000t\000r\000o\000d\000u\000c\000t\000i\000o\000n\000\040\000t\000o\000\040\000W\000i\000r\000e\000s\000h\000a\000r\000k}{}% 1
\BOOKMARK [1][-]{section.1.1}{\376\377\0001\000.\0001\000\040\000W\000h\000a\000t\000\040\000W\000i\000r\000e\000s\000h\000a\000r\000k\000\040\000I\000s}{chapter.1}% 2
\BOOKMARK [1][-]{section.1.2}{\376\377\0001\000.\0002\000\040\000H\000i\000s\000t\000o\000r\000y}{chapter.1}% 3
\BOOKMARK [1][-]{section.1.3}{\376\377\0001\000.\0003\000\040\000T\000h\000e\000\040\000T\000h\000r\000e\000e\000-\000P\000a\000n\000e\000\040\000I\000n\000t\000e\000r\000f\000a\000c\000e}{chapter.1}% 4
\BOOKMARK [1][-]{section.1.4}{\376\377\0001\000.\0004\000\040\000W\000i\000r\000e\000s\000h\000a\000r\000k\000\040\000v\000s\000.\000\040\000t\000s\000h\000a\000r\000k\000\040\000v\000s\000.\000\040\000d\000u\000m\000p\000c\000a\000p}{chapter.1}% 5
\BOOKMARK [1][-]{section.1.5}{\376\377\0001\000.\0005\000\040\000S\000u\000p\000p\000o\000r\000t\000e\000d\000\040\000P\000r\000o\000t\000o\000c\000o\000l\000s\000\040\000R\000e\000l\000e\000v\000a\000n\000t\000\040\000t\000o\000\040\000S\000C\000A\000D\000A}{chapter.1}% 6
\BOOKMARK [0][-]{chapter.2}{\376\377\0002\000\040\000C\000a\000p\000t\000u\000r\000e\000\040\000T\000e\000c\000h\000n\000i\000q\000u\000e\000s\000\040\000\046\000\040\000I\000n\000t\000e\000r\000f\000a\000c\000e\000s}{}% 7
\BOOKMARK [1][-]{section.2.1}{\376\377\0002\000.\0001\000\040\000T\000h\000e\000\040\000P\000r\000o\000b\000l\000e\000m\000\040\000W\000i\000t\000h\000\040\000S\000w\000i\000t\000c\000h\000e\000d\000\040\000N\000e\000t\000w\000o\000r\000k\000s}{chapter.2}% 8
\BOOKMARK [1][-]{section.2.2}{\376\377\0002\000.\0002\000\040\000S\000P\000A\000N\000\040\000P\000o\000r\000t\000\040\000C\000o\000n\000f\000i\000g\000u\000r\000a\000t\000i\000o\000n}{chapter.2}% 9
\BOOKMARK [1][-]{section.2.3}{\376\377\0002\000.\0003\000\040\000N\000e\000t\000w\000o\000r\000k\000\040\000T\000a\000p\000s}{chapter.2}% 10
\BOOKMARK [1][-]{section.2.4}{\376\377\0002\000.\0004\000\040\000P\000r\000o\000m\000i\000s\000c\000u\000o\000u\000s\000\040\000M\000o\000d\000e\000\040\000a\000n\000d\000\040\000M\000o\000n\000i\000t\000o\000r\000\040\000M\000o\000d\000e}{chapter.2}% 11
\BOOKMARK [1][-]{section.2.5}{\376\377\0002\000.\0005\000\040\000C\000a\000p\000t\000u\000r\000e\000\040\000I\000n\000t\000e\000r\000f\000a\000c\000e\000s}{chapter.2}% 12
\BOOKMARK [1][-]{section.2.6}{\376\377\0002\000.\0006\000\040\000C\000a\000p\000t\000u\000r\000e\000\040\000F\000i\000l\000e\000\040\000M\000a\000n\000a\000g\000e\000m\000e\000n\000t}{chapter.2}% 13
\BOOKMARK [1][-]{section.2.7}{\376\377\0002\000.\0007\000\040\000p\000c\000a\000p\000\040\000v\000s\000.\000\040\000p\000c\000a\000p\000n\000g\000\040\000F\000o\000r\000m\000a\000t}{chapter.2}% 14
\BOOKMARK [0][-]{chapter.3}{\376\377\0003\000\040\000D\000i\000s\000p\000l\000a\000y\000\040\000\046\000\040\000C\000a\000p\000t\000u\000r\000e\000\040\000F\000i\000l\000t\000e\000r\000s}{}% 15
\BOOKMARK [1][-]{section.3.1}{\376\377\0003\000.\0001\000\040\000C\000a\000p\000t\000u\000r\000e\000\040\000F\000i\000l\000t\000e\000r\000s\000\040\000v\000s\000.\000\040\000D\000i\000s\000p\000l\000a\000y\000\040\000F\000i\000l\000t\000e\000r\000s}{chapter.3}% 16
\BOOKMARK [1][-]{section.3.2}{\376\377\0003\000.\0002\000\040\000D\000i\000s\000p\000l\000a\000y\000\040\000F\000i\000l\000t\000e\000r\000\040\000S\000y\000n\000t\000a\000x}{chapter.3}% 17
\BOOKMARK [1][-]{section.3.3}{\376\377\0003\000.\0003\000\040\000E\000s\000s\000e\000n\000t\000i\000a\000l\000\040\000S\000C\000A\000D\000A\000\040\000D\000i\000s\000p\000l\000a\000y\000\040\000F\000i\000l\000t\000e\000r\000s}{chapter.3}% 18
\BOOKMARK [1][-]{section.3.4}{\376\377\0003\000.\0004\000\040\000B\000P\000F\000\040\000C\000a\000p\000t\000u\000r\000e\000\040\000F\000i\000l\000t\000e\000r\000\040\000S\000y\000n\000t\000a\000x}{chapter.3}% 19
\BOOKMARK [1][-]{section.3.5}{\376\377\0003\000.\0005\000\040\000F\000o\000l\000l\000o\000w\000i\000n\000g\000\040\000a\000\040\000T\000C\000P\000\040\000S\000t\000r\000e\000a\000m}{chapter.3}% 20
\BOOKMARK [1][-]{section.3.6}{\376\377\0003\000.\0006\000\040\000C\000o\000l\000o\000r\000i\000z\000a\000t\000i\000o\000n\000\040\000R\000u\000l\000e\000s}{chapter.3}% 21
\BOOKMARK [0][-]{chapter.4}{\376\377\0004\000\040\000P\000r\000o\000t\000o\000c\000o\000l\000\040\000D\000i\000s\000s\000e\000c\000t\000o\000r\000s\000\040\000\046\000\040\000D\000e\000c\000o\000d\000e\000\040\000A\000s}{}% 22
\BOOKMARK [1][-]{section.4.1}{\376\377\0004\000.\0001\000\040\000W\000h\000a\000t\000\040\000a\000\040\000D\000i\000s\000s\000e\000c\000t\000o\000r\000\040\000D\000o\000e\000s}{chapter.4}% 23
\BOOKMARK [1][-]{section.4.2}{\376\377\0004\000.\0002\000\040\000A\000u\000t\000o\000m\000a\000t\000i\000c\000\040\000P\000r\000o\000t\000o\000c\000o\000l\000\040\000D\000e\000t\000e\000c\000t\000i\000o\000n}{chapter.4}% 24
\BOOKMARK [1][-]{section.4.3}{\376\377\0004\000.\0003\000\040\000D\000e\000c\000o\000d\000e\000\040\000A\000s}{chapter.4}% 25
\BOOKMARK [1][-]{section.4.4}{\376\377\0004\000.\0004\000\040\000W\000i\000r\000e\000s\000h\000a\000r\000k\000\040\000P\000r\000o\000f\000i\000l\000e\000s}{chapter.4}% 26
\BOOKMARK [1][-]{section.4.5}{\376\377\0004\000.\0005\000\040\000C\000u\000s\000t\000o\000m\000\040\000L\000u\000a\000\040\000D\000i\000s\000s\000e\000c\000t\000o\000r\000s}{chapter.4}% 27
\BOOKMARK [1][-]{section.4.6}{\376\377\0004\000.\0006\000\040\000S\000t\000a\000t\000i\000s\000t\000i\000c\000s\000\040\000T\000o\000o\000l\000s}{chapter.4}% 28
\BOOKMARK [0][-]{chapter.5}{\376\377\0005\000\040\000A\000n\000a\000l\000y\000z\000i\000n\000g\000\040\000M\000o\000d\000b\000u\000s\000\040\000o\000n\000\040\000t\000h\000e\000\040\000W\000i\000r\000e}{}% 29
\BOOKMARK [1][-]{section.5.1}{\376\377\0005\000.\0001\000\040\000T\000h\000e\000\040\000C\000r\000i\000t\000i\000c\000a\000l\000\040\000S\000e\000c\000u\000r\000i\000t\000y\000\040\000R\000e\000a\000l\000i\000t\000y}{chapter.5}% 30
\BOOKMARK [1][-]{section.5.2}{\376\377\0005\000.\0002\000\040\000M\000o\000d\000b\000u\000s\000\040\000T\000C\000P\000\040\000F\000r\000a\000m\000e\000\040\000S\000t\000r\000u\000c\000t\000u\000r\000e}{chapter.5}% 31
\BOOKMARK [1][-]{section.5.3}{\376\377\0005\000.\0003\000\040\000R\000e\000a\000d\000i\000n\000g\000\040\000a\000\040\000M\000o\000d\000b\000u\000s\000\040\000C\000a\000p\000t\000u\000r\000e\000\040\000i\000n\000\040\000W\000i\000r\000e\000s\000h\000a\000r\000k}{chapter.5}% 32
\BOOKMARK [1][-]{section.5.4}{\376\377\0005\000.\0004\000\040\000I\000d\000e\000n\000t\000i\000f\000y\000i\000n\000g\000\040\000M\000o\000d\000b\000u\000s\000\040\000E\000x\000c\000e\000p\000t\000i\000o\000n\000s}{chapter.5}% 33
\BOOKMARK [1][-]{section.5.5}{\376\377\0005\000.\0005\000\040\000S\000p\000o\000t\000t\000i\000n\000g\000\040\000U\000n\000a\000u\000t\000h\000o\000r\000i\000z\000e\000d\000\040\000W\000r\000i\000t\000e\000\040\000C\000o\000m\000m\000a\000n\000d\000s}{chapter.5}% 34
\BOOKMARK [1][-]{section.5.6}{\376\377\0005\000.\0006\000\040\000U\000s\000i\000n\000g\000\040\000S\000t\000a\000t\000i\000s\000t\000i\000c\000s\000\040\000\040\000I\000/\000O\000\040\000G\000r\000a\000p\000h\000\040\000f\000o\000r\000\040\000M\000o\000d\000b\000u\000s}{chapter.5}% 35
\BOOKMARK [0][-]{chapter.6}{\376\377\0006\000\040\000A\000n\000a\000l\000y\000z\000i\000n\000g\000\040\000D\000N\000P\0003\000\040\000T\000r\000a\000f\000f\000i\000c}{}% 36
\BOOKMARK [1][-]{section.6.1}{\376\377\0006\000.\0001\000\040\000D\000N\000P\0003\000\040\000o\000n\000\040\000t\000h\000e\000\040\000W\000i\000r\000e}{chapter.6}% 37
\BOOKMARK [1][-]{section.6.2}{\376\377\0006\000.\0002\000\040\000D\000N\000P\0003\000\040\000F\000r\000a\000m\000e\000\040\000S\000t\000r\000u\000c\000t\000u\000r\000e}{chapter.6}% 38
\BOOKMARK [1][-]{section.6.3}{\376\377\0006\000.\0003\000\040\000K\000e\000y\000\040\000D\000N\000P\0003\000\040\000A\000n\000a\000l\000y\000s\000i\000s\000\040\000S\000c\000e\000n\000a\000r\000i\000o\000s}{chapter.6}% 39
\BOOKMARK [1][-]{section.6.4}{\376\377\0006\000.\0004\000\040\000S\000e\000c\000u\000r\000e\000\040\000A\000u\000t\000h\000e\000n\000t\000i\000c\000a\000t\000i\000o\000n\000\040\000v\0005\000\040\000i\000n\000\040\000W\000i\000r\000e\000s\000h\000a\000r\000k}{chapter.6}% 40
\BOOKMARK [1][-]{section.6.5}{\376\377\0006\000.\0005\000\040\000D\000N\000P\0003\000\040\000C\000a\000p\000t\000u\000r\000e\000\040\000F\000i\000l\000t\000e\000r\000s}{chapter.6}% 41
\BOOKMARK [0][-]{chapter.7}{\376\377\0007\000\040\000A\000n\000a\000l\000y\000z\000i\000n\000g\000\040\000O\000P\000C\000\040\000U\000A\000\040\000S\000e\000s\000s\000i\000o\000n\000s}{}% 42
\BOOKMARK [1][-]{section.7.1}{\376\377\0007\000.\0001\000\040\000O\000P\000C\000\040\000U\000A\000\040\000W\000i\000r\000e\000\040\000T\000r\000a\000n\000s\000p\000o\000r\000t}{chapter.7}% 43
\BOOKMARK [1][-]{section.7.2}{\376\377\0007\000.\0002\000\040\000O\000P\000C\000\040\000U\000A\000\040\000S\000e\000s\000s\000i\000o\000n\000\040\000L\000i\000f\000e\000c\000y\000c\000l\000e}{chapter.7}% 44
\BOOKMARK [1][-]{section.7.3}{\376\377\0007\000.\0003\000\040\000T\000h\000e\000\040\000S\000e\000c\000u\000r\000i\000t\000y\000\040\000M\000o\000d\000e\000\040\000P\000r\000o\000b\000l\000e\000m}{chapter.7}% 45
\BOOKMARK [1][-]{section.7.4}{\376\377\0007\000.\0004\000\040\000S\000u\000b\000s\000c\000r\000i\000p\000t\000i\000o\000n\000\040\000T\000r\000a\000f\000f\000i\000c}{chapter.7}% 46
\BOOKMARK [1][-]{section.7.5}{\376\377\0007\000.\0005\000\040\000O\000P\000C\000\040\000U\000A\000\040\000S\000t\000a\000t\000i\000s\000t\000i\000c\000s\000\040\000W\000o\000r\000k\000f\000l\000o\000w}{chapter.7}% 47
\BOOKMARK [0][-]{chapter.8}{\376\377\0008\000\040\000S\000e\000c\000u\000r\000i\000t\000y\000\040\000A\000n\000a\000l\000y\000s\000i\000s\000\040\000\046\000\040\000A\000n\000o\000m\000a\000l\000y\000\040\000D\000e\000t\000e\000c\000t\000i\000o\000n}{}% 48
\BOOKMARK [1][-]{section.8.1}{\376\377\0008\000.\0001\000\040\000T\000h\000e\000\040\000B\000a\000s\000e\000l\000i\000n\000e\000\040\000P\000r\000i\000n\000c\000i\000p\000l\000e}{chapter.8}% 49
\BOOKMARK [1][-]{section.8.2}{\376\377\0008\000.\0002\000\040\000A\000n\000o\000m\000a\000l\000y\000\040\000D\000e\000t\000e\000c\000t\000i\000o\000n\000\040\000W\000o\000r\000k\000f\000l\000o\000w}{chapter.8}% 50
\BOOKMARK [1][-]{section.8.3}{\376\377\0008\000.\0003\000\040\000E\000x\000p\000e\000r\000t\000\040\000I\000n\000f\000o\000r\000m\000a\000t\000i\000o\000n}{chapter.8}% 51
\BOOKMARK [1][-]{section.8.4}{\376\377\0008\000.\0004\000\040\000M\000o\000d\000b\000u\000s\000\040\000W\000r\000i\000t\000e\000\040\000S\000e\000c\000u\000r\000i\000t\000y\000\040\000A\000n\000a\000l\000y\000s\000i\000s}{chapter.8}% 52
\BOOKMARK [1][-]{section.8.5}{\376\377\0008\000.\0005\000\040\000D\000e\000t\000e\000c\000t\000i\000o\000n\000\040\000S\000i\000g\000n\000a\000t\000u\000r\000e\000s\000\040\000f\000o\000r\000\040\000t\000s\000h\000a\000r\000k}{chapter.8}% 53
\BOOKMARK [1][-]{section.8.6}{\376\377\0008\000.\0006\000\040\000I\000n\000c\000i\000d\000e\000n\000t\000\040\000R\000e\000s\000p\000o\000n\000s\000e\000:\000\040\000W\000h\000a\000t\000\040\000t\000o\000\040\000C\000a\000p\000t\000u\000r\000e}{chapter.8}% 54
\BOOKMARK [0][-]{chapter.9}{\376\377\0009\000\040\000A\000d\000v\000a\000n\000c\000e\000d\000\040\000W\000i\000r\000e\000s\000h\000a\000r\000k\000\040\000T\000e\000c\000h\000n\000i\000q\000u\000e\000s}{}% 55
\BOOKMARK [1][-]{section.9.1}{\376\377\0009\000.\0001\000\040\000t\000s\000h\000a\000r\000k\000:\000\040\000C\000o\000m\000m\000a\000n\000d\000-\000L\000i\000n\000e\000\040\000W\000i\000r\000e\000s\000h\000a\000r\000k}{chapter.9}% 56
\BOOKMARK [1][-]{section.9.2}{\376\377\0009\000.\0002\000\040\000R\000e\000m\000o\000t\000e\000\040\000C\000a\000p\000t\000u\000r\000e}{chapter.9}% 57
\BOOKMARK [1][-]{section.9.3}{\376\377\0009\000.\0003\000\040\000P\000a\000c\000k\000e\000t\000\040\000E\000d\000i\000t\000i\000n\000g\000\040\000a\000n\000d\000\040\000R\000e\000p\000l\000a\000y}{chapter.9}% 58
\BOOKMARK [1][-]{section.9.4}{\376\377\0009\000.\0004\000\040\000L\000u\000a\000\040\000S\000c\000r\000i\000p\000t\000s\000\040\000f\000o\000r\000\040\000A\000u\000t\000o\000m\000a\000t\000i\000o\000n}{chapter.9}% 59
\BOOKMARK [1][-]{section.9.5}{\376\377\0009\000.\0005\000\040\000N\000a\000m\000e\000\040\000R\000e\000s\000o\000l\000u\000t\000i\000o\000n\000\040\000a\000n\000d\000\040\000G\000e\000o\000I\000P}{chapter.9}% 60
\BOOKMARK [1][-]{section.9.6}{\376\377\0009\000.\0006\000\040\000W\000i\000r\000e\000s\000h\000a\000r\000k\000\040\000P\000r\000o\000f\000i\000l\000e\000s\000\040\000f\000o\000r\000\040\000I\000C\000S\000\040\000E\000n\000v\000i\000r\000o\000n\000m\000e\000n\000t\000s}{chapter.9}% 61
\BOOKMARK [0][-]{chapter.10}{\376\377\0001\0000\000\040\000P\000r\000o\000t\000o\000c\000o\000l\000\040\000A\000n\000a\000l\000y\000s\000i\000s\000\040\000L\000a\000b}{}% 62
\BOOKMARK [1][-]{section.10.1}{\376\377\0001\0000\000.\0001\000\040\000L\000a\000b\000\040\0001\000:\000\040\000I\000d\000e\000n\000t\000i\000f\000y\000\040\000a\000\040\000M\000i\000s\000c\000o\000n\000f\000i\000g\000u\000r\000e\000d\000\040\000P\000o\000l\000l\000\040\000R\000a\000t\000e}{chapter.10}% 63
\BOOKMARK [1][-]{section.10.2}{\376\377\0001\0000\000.\0002\000\040\000L\000a\000b\000\040\0002\000:\000\040\000T\000r\000a\000c\000e\000\040\000a\000n\000\040\000E\000x\000c\000e\000p\000t\000i\000o\000n\000\040\000C\000o\000d\000e\000\040\0000\0002\000\040\000S\000t\000o\000r\000m}{chapter.10}% 64
\BOOKMARK [1][-]{section.10.3}{\376\377\0001\0000\000.\0003\000\040\000L\000a\000b\000\040\0003\000:\000\040\000V\000e\000r\000i\000f\000y\000\040\000O\000P\000C\000\040\000U\000A\000\040\000S\000e\000c\000u\000r\000i\000t\000y\000\040\000M\000o\000d\000e}{chapter.10}% 65
\BOOKMARK [1][-]{section.10.4}{\376\377\0001\0000\000.\0004\000\040\000L\000a\000b\000\040\0004\000:\000\040\000D\000e\000t\000e\000c\000t\000\040\000a\000\040\000R\000o\000g\000u\000e\000\040\000M\000o\000d\000b\000u\000s\000\040\000M\000a\000s\000t\000e\000r}{chapter.10}% 66
\BOOKMARK [1][-]{section.10.5}{\376\377\0001\0000\000.\0005\000\040\000L\000a\000b\000\040\0005\000:\000\040\000B\000u\000i\000l\000d\000\040\000a\000\040\000M\000o\000n\000i\000t\000o\000r\000i\000n\000g\000\040\000S\000c\000r\000i\000p\000t}{chapter.10}% 67
\BOOKMARK [1][-]{section.10.6}{\376\377\0001\0000\000.\0006\000\040\000F\000i\000l\000t\000e\000r\000\040\000Q\000u\000i\000c\000k\000-\000R\000e\000f\000e\000r\000e\000n\000c\000e\000\040\000C\000a\000r\000d}{chapter.10}% 68
\BOOKMARK [1][-]{section.10.7}{\376\377\0001\0000\000.\0007\000\040\000t\000s\000h\000a\000r\000k\000\040\000Q\000u\000i\000c\000k\000-\000R\000e\000f\000e\000r\000e\000n\000c\000e\000\040\000C\000a\000r\000d}{chapter.10}% 69
\BOOKMARK [0][-]{chapter*.17}{\376\377\000R\000e\000c\000o\000m\000m\000e\000n\000d\000e\000d\000\040\000R\000e\000a\000d\000i\000n\000g}{}% 70
\BOOKMARK [0][-]{chapter*.18}{\376\377\000C\000e\000r\000t\000i\000f\000i\000c\000a\000t\000i\000o\000n\000\040\000C\000o\000n\000t\000e\000x\000t}{}% 71
